<?xml version="1.0" encoding="UTF-8"?>
<testsuite xmlns:xsi="http://www.w3.org/2001/XMLSchema-instance" xsi:noNamespaceSchemaLocation="https://maven.apache.org/surefire/maven-surefire-plugin/xsd/surefire-test-report-3.0.xsd" version="3.0" name="TestSuite" time="91.934" tests="3" errors="0" skipped="0" failures="1">
  <properties>
[...]
</properties>
  <testcase name="runScenario[&quot;Search Experience for product search in both home and offer page&quot;, &quot;Place the Order for Products&quot;](1)" classname="cucumberOptions.TestNGTestRunner" time="82.692">
    <system-out><![CDATA[
@OfferPage
Scenario Outline: Search Experience for product search in both home and offer page # src/test/java/features/searchProduct.feature:14

@OfferPage
Scenario Outline: Search Experience for product search in both home and offer page # src/test/java/features/searchProduct.feature:13

@PlaceOrder
Scenario Outline: Search Experience for product search in both home and offer page # src/test/java/features/Checkout.feature:14
  Given User is on GreenCart Landing Page                                          # stepDefinations.LandingPageStepDefination.user_is_on_green_cart_landing_page()
  Given User is on GreenCart Landing Page                                          # stepDefinations.LandingPageStepDefination.user_is_on_green_cart_landing_page()
Beetroot is extracted from Home Page
  When User searched with Shortname Beet and extracted actual name of product      # stepDefinations.LandingPageStepDefination.user_searched_with_shortname_and_extracted_actual_name_of_product(java.lang.String)
Tomato is extracted from Home Page
  When User searched with Shortname Tom and extracted actual name of product       # stepDefinations.LandingPageStepDefination.user_searched_with_shortname_and_extracted_actual_name_of_product(java.lang.String)
  And Added "3" items of the selected product to cart                              # stepDefinations.LandingPageStepDefination.added_items_of_the_selected_product_to_cart(java.lang.String)
  Given User is on GreenCart Landing Page                                          # stepDefinations.LandingPageStepDefination.user_is_on_green_cart_landing_page()
  Then User proceeds to checkout and validate the Tom items in checkout page       # stepDefinations.CheckOutPageStepDefination.user_proceeds_to_checkout_and_validate_items(java.lang.String)
  And verify User has ability to enter the promo code and place the order          # stepDefinations.CheckOutPageStepDefination.verify_User_has_ability_to_enter_promo()
]]></system-out>
    <system-err><![CDATA[SLF4J: Failed to load class "org.slf4j.impl.StaticLoggerBinder".
SLF4J: Defaulting to no-operation (NOP) logger implementation
SLF4J: See http://www.slf4j.org/codes.html#StaticLoggerBinder for further details.
]]></system-err>
  </testcase>
  <testcase name="runScenario[&quot;Search Experience for product search in both home and offer page&quot;, &quot;Search and Place the order for Products&quot;](2)" classname="cucumberOptions.TestNGTestRunner" time="84.849">
    <failure message="expected [Beetroot] but found [No data]" type="java.lang.AssertionError"><![CDATA[java.lang.AssertionError: expected [Beetroot] but found [No data]
	at org.testng.Assert.fail(Assert.java:111)
	at org.testng.Assert.failNotEquals(Assert.java:1578)
	at org.testng.Assert.assertEqualsImpl(Assert.java:150)
	at org.testng.Assert.assertEquals(Assert.java:132)
	at org.testng.Assert.assertEquals(Assert.java:656)
	at org.testng.Assert.assertEquals(Assert.java:666)
	at stepDefinations.OfferPageStepDefination.validate_product_name_in_offer_page_matches_with_landing_page(OfferPageStepDefination.java:48)
	at ✽.Validate product name in offer page matches with landing page(file:///C:/Users/Admin/Desktop/GrowSkill%20IT/GS%20IT%20Batch%20Codes/CucumberFramework/src/test/java/features/searchProduct.feature:9)
]]></failure>
    <system-out><![CDATA[Tomato is extracted from Home Page
  When User searched with Shortname Tom and extracted actual name of product       # stepDefinations.LandingPageStepDefination.user_searched_with_shortname_and_extracted_actual_name_of_product(java.lang.String)
No data is extracted from Offer Page
  Then User searched for Beet  shortname in offers page                            # stepDefinations.OfferPageStepDefination.user_searched_for_same_shortname_in_offers_page_to_check_if_products_exit(java.lang.String)
  And Validate product name in offer page matches with landing page                # stepDefinations.OfferPageStepDefination.validate_product_name_in_offer_page_matches_with_landing_page()
      java.lang.AssertionError: expected [Beetroot] but found [No data]
	at org.testng.Assert.fail(Assert.java:111)
	at org.testng.Assert.failNotEquals(Assert.java:1578)
	at org.testng.Assert.assertEqualsImpl(Assert.java:150)
	at org.testng.Assert.assertEquals(Assert.java:132)
	at org.testng.Assert.assertEquals(Assert.java:656)
	at org.testng.Assert.assertEquals(Assert.java:666)
	at stepDefinations.OfferPageStepDefination.validate_product_name_in_offer_page_matches_with_landing_page(OfferPageStepDefination.java:48)
	at âœ½.Validate product name in offer page matches with landing page(file:///C:/Users/Admin/Desktop/GrowSkill%20IT/GS%20IT%20Batch%20Codes/CucumberFramework/src/test/java/features/searchProduct.feature:9)


    Embedding image [image/png 30798 bytes]

]]></system-out>
  </testcase>
  <testcase name="runScenario[&quot;Search Experience for product search in both home and offer page&quot;, &quot;Search and Place the order for Products&quot;](3)" classname="cucumberOptions.TestNGTestRunner" time="87.643">
    <system-out><![CDATA[Tomato is extracted from Offer Page
  Then User searched for Tom  shortname in offers page                             # stepDefinations.OfferPageStepDefination.user_searched_for_same_shortname_in_offers_page_to_check_if_products_exit(java.lang.String)
  And Validate product name in offer page matches with landing page                # stepDefinations.OfferPageStepDefination.validate_product_name_in_offer_page_matches_with_landing_page()
]]></system-out>
  </testcase>
</testsuite>