<?xml version="1.0" encoding="UTF-8"?>
<!-- Generated by org.testng.reporters.JUnitReportReporter -->
<testsuite hostname="DESKTOP-LMN0PRA" failures="1" tests="3" name="cucumberOptions.TestNGTestRunner" time="110.300" errors="0" timestamp="2024-08-24T16:19:42 IST" skipped="0">
  <testcase classname="cucumberOptions.TestNGTestRunner" name="runScenario" time="34.806"/>
  <testcase classname="cucumberOptions.TestNGTestRunner" name="runScenario" time="38.756">
    <failure message="expected [Beetroot] but found [No data]" type="java.lang.AssertionError">
      <![CDATA[java.lang.AssertionError: expected [Beetroot] but found [No data]
at org.testng.Assert.fail(Assert.java:111)
at org.testng.Assert.failNotEquals(Assert.java:1578)
at org.testng.Assert.assertEqualsImpl(Assert.java:150)
at org.testng.Assert.assertEquals(Assert.java:132)
at org.testng.Assert.assertEquals(Assert.java:656)
at org.testng.Assert.assertEquals(Assert.java:666)
at stepDefinations.OfferPageStepDefination.validate_product_name_in_offer_page_matches_with_landing_page(OfferPageStepDefination.java:48)
at ✽.Validate product name in offer page matches with landing page(file:///C:/Users/Admin/Desktop/GrowSkill%20IT/GS%20IT%20Batch%20Codes/CucumberFramework/src/test/java/features/searchProduct.feature:9)
]]>
    </failure>
  </testcase> <!-- runScenario -->
  <testcase classname="cucumberOptions.TestNGTestRunner" name="runScenario" time="36.738"/>
</testsuite> <!-- cucumberOptions.TestNGTestRunner -->
